Log file open, 09/30/18 17:53:47
LogWindows: Failed to load 'aqProf.dll' (GetLastError=126)
LogWindows: File 'aqProf.dll' does not exist
LogWindows: Failed to load 'VSPerf140.dll' (GetLastError=126)
LogWindows: File 'VSPerf140.dll' does not exist
LogWindows: Failed to load 'VtuneApi.dll' (GetLastError=126)
LogWindows: File 'VtuneApi.dll' does not exist
LogWindows: Failed to load 'VtuneApi32e.dll' (GetLastError=126)
LogWindows: File 'VtuneApi32e.dll' does not exist
LogInit: Display: Running engine for game: Prototype
LogPlatformFile: Not using cached read wrapper
LogTaskGraph: Started task graph with 5 named threads and 23 total threads with 3 sets of task threads.
LogStats: Stats thread started at 0.271795
LogD3D11RHI: Loaded GFSDK_Aftermath_Lib.x64.dll
LogICUInternationalization: Display: ICU TimeZone Detection - Raw Offset: +1:00, Platform Override: ''
LogPluginManager: Mounting plugin Paper2D
LogPluginManager: Mounting plugin AISupport
LogPluginManager: Mounting plugin LightPropagationVolume
LogPluginManager: Mounting plugin CLionSourceCodeAccess
LogPluginManager: Mounting plugin CodeLiteSourceCodeAccess
LogPluginManager: Mounting plugin GitSourceControl
LogPluginManager: Mounting plugin KDevelopSourceCodeAccess
LogPluginManager: Mounting plugin NullSourceCodeAccess
LogPluginManager: Mounting plugin PerforceSourceControl
LogPluginManager: Mounting plugin SubversionSourceControl
LogPluginManager: Mounting plugin UObjectPlugin
LogPluginManager: Mounting plugin VisualStudioCodeSourceCodeAccess
LogPluginManager: Mounting plugin VisualStudioSourceCodeAccess
LogPluginManager: Mounting plugin XCodeSourceCodeAccess
LogPluginManager: Mounting plugin AssetManagerEditor
LogPluginManager: Mounting plugin CryptoKeys
LogPluginManager: Mounting plugin DataValidation
LogPluginManager: Mounting plugin FacialAnimation
LogPluginManager: Mounting plugin GameplayTagsEditor
LogPluginManager: Mounting plugin MacGraphicsSwitching
LogPluginManager: Mounting plugin MeshEditor
LogPluginManager: Mounting plugin MobileLauncherProfileWizard
LogPluginManager: Mounting plugin PluginBrowser
LogPluginManager: Mounting plugin SpeedTreeImporter
LogPluginManager: Mounting plugin DatasmithContent
LogPluginManager: Mounting plugin AlembicImporter
LogPluginManager: Mounting plugin AppleImageUtils
LogPluginManager: Mounting plugin AppleVision
LogPluginManager: Mounting plugin BackChannel
LogPluginManager: Mounting plugin CharacterAI
LogPluginManager: Mounting plugin GeometryCache
LogPluginManager: Mounting plugin HTML5Networking
LogPluginManager: Mounting plugin ProxyLODPlugin
LogPluginManager: Mounting plugin MagicLeap
LogPluginManager: Mounting plugin MagicLeapEmulator
LogPluginManager: Mounting plugin MagicLeapMedia
LogPluginManager: Mounting plugin AndroidMedia
LogPluginManager: Mounting plugin AvfMedia
LogPluginManager: Mounting plugin ImgMedia
LogPluginManager: Mounting plugin LinearTimecode
LogPluginManager: Mounting plugin MediaCompositing
LogPluginManager: Mounting plugin MediaPlayerEditor
LogPluginManager: Mounting plugin WmfMedia
LogPluginManager: Mounting plugin TcpMessaging
LogPluginManager: Mounting plugin UdpMessaging
LogPluginManager: Mounting plugin ActorSequence
LogPluginManager: Mounting plugin LevelSequenceEditor
LogPluginManager: Mounting plugin MatineeToLevelSequence
LogPluginManager: Mounting plugin NetcodeUnitTest
LogPluginManager: Mounting plugin NUTUnrealEngine4
LogPluginManager: Mounting plugin OnlineSubsystemGooglePlay
LogPluginManager: Mounting plugin OnlineSubsystemIOS
LogPluginManager: Mounting plugin OnlineSubsystem
LogPluginManager: Mounting plugin OnlineSubsystemNull
LogPluginManager: Mounting plugin OnlineSubsystemUtils
LogPluginManager: Mounting plugin LauncherChunkInstaller
LogPluginManager: Mounting plugin AndroidDeviceProfileSelector
LogPluginManager: Mounting plugin AndroidMoviePlayer
LogPluginManager: Mounting plugin AndroidPermission
LogPluginManager: Mounting plugin AppleMoviePlayer
LogPluginManager: Mounting plugin ArchVisCharacter
LogPluginManager: Mounting plugin AudioCapture
LogPluginManager: Mounting plugin CableComponent
LogPluginManager: Mounting plugin CustomMeshComponent
LogPluginManager: Mounting plugin EditableMesh
LogPluginManager: Mounting plugin ExampleDeviceProfileSelector
LogPluginManager: Mounting plugin GoogleCloudMessaging
LogPluginManager: Mounting plugin ImmediatePhysics
LogPluginManager: Mounting plugin IOSDeviceProfileSelector
LogPluginManager: Mounting plugin LinuxDeviceProfileSelector
LogPluginManager: Mounting plugin LocationServicesBPLibrary
LogPluginManager: Mounting plugin MobilePatchingUtils
LogPluginManager: Mounting plugin OculusVR
LogPluginManager: Plugin shader directory ../../../Engine/Plugins/Runtime/Oculus/OculusVR/Shaders found
LogPluginManager: Mapping shader source directory ../../../Engine/Plugins/Runtime/Oculus/OculusVR/Shaders to virtual directory /Plugin/OculusVR
LogPluginManager: Mounting plugin PhysXVehicles
LogPluginManager: Mounting plugin ProceduralMeshComponent
LogPluginManager: Mounting plugin RuntimePhysXCooking
LogPluginManager: Mounting plugin SteamVR
LogPluginManager: Mounting plugin WindowsMoviePlayer
LogStreaming: Display: Took  0.037s to configure plugins.
LogInit: Using libcurl 7.55.1-DEV
LogInit:  - built for x86_64-pc-win32
LogInit:  - supports SSL with OpenSSL/1.0.2h
LogInit:  - supports HTTP deflate (compression) using libz 1.2.8
LogInit:  - other features:
LogInit:      CURL_VERSION_SSL
LogInit:      CURL_VERSION_LIBZ
LogInit:      CURL_VERSION_IPV6
LogInit:      CURL_VERSION_ASYNCHDNS
LogInit:      CURL_VERSION_LARGEFILE
LogInit:      CURL_VERSION_IDN
LogInit:  CurlRequestOptions (configurable via config and command line):
LogInit:  - bVerifyPeer = false  - Libcurl will NOT verify peer certificate
LogInit:  - bUseHttpProxy = false  - Libcurl will NOT use HTTP proxy
LogInit:  - bDontReuseConnections = false  - Libcurl will reuse connections
LogInit:  - CertBundlePath = nullptr  - Libcurl will use whatever was configured at build time.
LogInit:  - MaxHostConnections = 16  - Libcurl will limit the number of connections to a host
LogInit:  - LocalHostAddr = Default
LogInit:  - BufferSize = 65536
LogInit: WinSock: version 1.1 (2.2), MaxSocks=32767, MaxUdp=65467
LogInit: Build: ++UE4+Release-4.20-CL-4369336
LogInit: Engine Version: 4.20.3-4369336+++UE4+Release-4.20
LogInit: Compatible Engine Version: 4.20.0-4212847+++UE4+Release-4.20
LogInit: Net CL: 4212847
LogInit: OS: Windows 10 (), CPU: Intel(R) Core(TM) i7-4770 CPU @ 3.40GHz, GPU: NVIDIA GeForce GTX 970
LogInit: Compiled (64-bit): Sep 17 2018 12:26:19
LogInit: Compiled with Visual C++: 19.13.26129.00
LogInit: Build Configuration: Development
LogInit: Branch Name: ++UE4+Release-4.20
LogInit: Command Line:  /Game/Scene/Proto -game -PIEVIACONSOLE -ResX=1280 -ResY=720  -Multiprocess -messaging -SessionName="Play in Standalone Game" -windowed 
LogInit: Base Directory: J:/ProgramFiles(x86)/UE_4.20/Engine/Binaries/Win64/
LogInit: Installed Engine Build: 1
LogDevObjectVersion: Number of dev versions registered: 20
LogDevObjectVersion:   Dev-Blueprints (B0D832E4-1F89-4F0D-ACCF-7EB736FD4AA2): 10
LogDevObjectVersion:   Dev-Build (E1C64328-A22C-4D53-A36C-8E866417BD8C): 0
LogDevObjectVersion:   Dev-Core (375EC13C-06E4-48FB-B500-84F0262A717E): 2
LogDevObjectVersion:   Dev-Editor (E4B068ED-F494-42E9-A231-DA0B2E46BB41): 24
LogDevObjectVersion:   Dev-Framework (CFFC743F-43B0-4480-9391-14DF171D2073): 34
LogDevObjectVersion:   Dev-Mobile (B02B49B5-BB20-44E9-A304-32B752E40360): 2
LogDevObjectVersion:   Dev-Networking (A4E4105C-59A1-49B5-A7C5-40C4547EDFEE): 0
LogDevObjectVersion:   Dev-Online (39C831C9-5AE6-47DC-9A44-9C173E1C8E7C): 0
LogDevObjectVersion:   Dev-Physics (78F01B33-EBEA-4F98-B9B4-84EACCB95AA2): 0
LogDevObjectVersion:   Dev-Platform (6631380F-2D4D-43E0-8009-CF276956A95A): 0
LogDevObjectVersion:   Dev-Rendering (12F88B9F-8875-4AFC-A67C-D90C383ABD29): 26
LogDevObjectVersion:   Dev-Sequencer (7B5AE74C-D270-4C10-A958-57980B212A5A): 9
LogDevObjectVersion:   Dev-VR (D7296918-1DD6-4BDD-9DE2-64A83CC13884): 2
LogDevObjectVersion:   Dev-LoadTimes (C2A15278-BFE7-4AFE-6C17-90FF531DF755): 1
LogDevObjectVersion:   Private-Geometry (6EACA3D4-40EC-4CC1-B786-8BED09428FC5): 3
LogDevObjectVersion:   Dev-AnimPhys (29E575DD-E0A3-4627-9D10-D276232CDCEA): 17
LogDevObjectVersion:   Dev-ReflectionCapture (6B266CEC-1EC7-4B8F-A30B-E4D90942FC07): 1
LogDevObjectVersion:   Dev-Automation (0DF73D61-A23F-47EA-B727-89E90C41499A): 1
LogDevObjectVersion:   FortniteMain (601D1886-AC64-4F84-AA16-D3DE0DEAC7D6): 12
LogDevObjectVersion:   Dev-Enterprise (9DFFBCD6-494F-0158-E221-12823C92A888): 1
LogStreaming: Display: Took  0.000s to delete old logs.
LogInit: Presizing for max 8388607 objects, including 0 objects not considered by GC, pre-allocating 0 bytes for permanent pool.
LogInit: Object subsystem initialized
[2018.09.30-15.53.47:318][  0]LogInit: Selected Device Profile: [Windows]
[2018.09.30-15.53.47:318][  0]LogInit: Applying CVar settings loaded from the selected device profile: [Windows]
[2018.09.30-15.53.47:322][  0]LogHAL: Display: Platform has ~ 16 GB [17062424576 / 17179869184 / 16], which maps to Larger [LargestMinGB=32, LargerMinGB=12, DefaultMinGB=8, SmallerMinGB=6, SmallestMinGB=0)
[2018.09.30-15.53.47:322][  0]LogInit: Setting Device Profile CVar: [[r.Vulkan.UseRealUBs:1]]
[2018.09.30-15.53.47:322][  0]LogInit: Going up to parent DeviceProfile []
[2018.09.30-15.53.47:322][  0]LogInit: Computer: DESKTOP-INJ546F
[2018.09.30-15.53.47:322][  0]LogInit: User: alexi
[2018.09.30-15.53.47:322][  0]LogInit: CPU Page size=4096, Cores=4
[2018.09.30-15.53.47:322][  0]LogInit: High frequency timer resolution =3.312643 MHz
[2018.09.30-15.53.47:322][  0]LogMemory: Memory total: Physical=15.9GB (16GB approx)
[2018.09.30-15.53.47:322][  0]LogMemory: Platform Memory Stats for Windows
[2018.09.30-15.53.47:322][  0]LogMemory: Process Physical Memory: 101.18 MB used, 101.18 MB peak
[2018.09.30-15.53.47:322][  0]LogMemory: Process Virtual Memory: 92.96 MB used, 92.96 MB peak
[2018.09.30-15.53.47:322][  0]LogMemory: Physical Memory: 9040.56 MB used,  7231.43 MB free, 16272.00 MB total
[2018.09.30-15.53.47:322][  0]LogMemory: Virtual Memory: 4642.15 MB used,  7231.43 MB free, 134217728.00 MB total
[2018.09.30-15.53.47:337][  0]LogInit: Using OS detected language (fr-FR).
[2018.09.30-15.53.47:337][  0]LogInit: Using OS detected locale (fr-FR).
[2018.09.30-15.53.47:337][  0]LogTextLocalizationManager: No specific localization for 'fr-FR' exists, so the 'fr' localization will be used.
[2018.09.30-15.53.47:339][  0]LogStreaming: Display: Took  0.002s to InitEngineTextLocalization.
[2018.09.30-15.53.47:368][  0]LogSlate: New Slate User Created.  User Index 0, Is Virtual User: 0
[2018.09.30-15.53.47:368][  0]LogSlate: Slate User Registered.  User Index 0, Is Virtual User: 0
[2018.09.30-15.53.47:383][  0]LogHMD: Failed to initialize OpenVR with code 110
[2018.09.30-15.53.47:383][  0]LogD3D11RHI: D3D11 adapters:
[2018.09.30-15.53.47:419][  0]LogD3D11RHI:    0. 'NVIDIA GeForce GTX 970' (Feature Level 11_0)
[2018.09.30-15.53.47:419][  0]LogD3D11RHI:       4058/0/8135 MB DedicatedVideo/DedicatedSystem/SharedSystem, Outputs:3, VendorId:0x10de
[2018.09.30-15.53.47:424][  0]LogD3D11RHI:    1. 'Intel(R) HD Graphics 4600' (Feature Level 11_0)
[2018.09.30-15.53.47:424][  0]LogD3D11RHI:       112/0/2048 MB DedicatedVideo/DedicatedSystem/SharedSystem, Outputs:0, VendorId:0x8086
[2018.09.30-15.53.47:426][  0]LogD3D11RHI:    2. 'Microsoft Basic Render Driver' (Feature Level 11_0)
[2018.09.30-15.53.47:426][  0]LogD3D11RHI:       0/0/8135 MB DedicatedVideo/DedicatedSystem/SharedSystem, Outputs:0, VendorId:0x1414
[2018.09.30-15.53.47:426][  0]LogD3D11RHI: Chosen D3D11 Adapter: 0
[2018.09.30-15.53.47:431][  0]LogD3D11RHI: Creating new Direct3DDevice
[2018.09.30-15.53.47:431][  0]LogD3D11RHI:     GPU DeviceId: 0x13c2 (for the marketing name, search the web for "GPU Device Id")
[2018.09.30-15.53.47:431][  0]LogWindows: EnumDisplayDevices:
[2018.09.30-15.53.47:432][  0]LogWindows:    0. 'NVIDIA GeForce GTX 970' (P:1 D:1)
[2018.09.30-15.53.47:432][  0]LogWindows:    1. 'NVIDIA GeForce GTX 970' (P:0 D:1)
[2018.09.30-15.53.47:432][  0]LogWindows:    2. 'NVIDIA GeForce GTX 970' (P:0 D:1)
[2018.09.30-15.53.47:432][  0]LogWindows:    3. 'NVIDIA GeForce GTX 970' (P:0 D:0)
[2018.09.30-15.53.47:432][  0]LogWindows:    4. 'Intel(R) HD Graphics 4600' (P:0 D:0)
[2018.09.30-15.53.47:432][  0]LogWindows:    5. 'Intel(R) HD Graphics 4600' (P:0 D:0)
[2018.09.30-15.53.47:432][  0]LogWindows:    6. 'Intel(R) HD Graphics 4600' (P:0 D:0)
[2018.09.30-15.53.47:433][  0]LogWindows: DebugString: PrimaryIsNotTheChoosenAdapter PrimaryIsNotTheChoosenAdapter PrimaryIsNotTheChoosenAdapter FoundDriverCount:4 
[2018.09.30-15.53.47:433][  0]LogD3D11RHI:     Adapter Name: NVIDIA GeForce GTX 970
[2018.09.30-15.53.47:433][  0]LogD3D11RHI:   Driver Version: 388.13 (internal:23.21.13.8813, unified:388.13)
[2018.09.30-15.53.47:433][  0]LogD3D11RHI:      Driver Date: 10-27-2017
[2018.09.30-15.53.47:433][  0]LogRHI: Texture pool is 2840 MB (70% of 4058 MB)
[2018.09.30-15.53.47:457][  0]LogD3D11RHI: Async texture creation enabled
[2018.09.30-15.53.47:468][  0]LogD3D11RHI: GPU Timing Frequency: 1000.000000 (Debug: 2 1)
[2018.09.30-15.53.47:561][  0]LogShaderCompilers: Guid format shader working directory is 1 characters bigger than the processId version (D:/Users/Documents/Unreal Projects/Prototype/Intermediate/Shaders/WorkingDirectory/12608/).
[2018.09.30-15.53.47:561][  0]LogShaderCompilers: Cleaned the shader compiler working directory 'C:/Users/alexi/AppData/Local/Temp/UnrealShaderWorkingDir/FFEE4B54477C6A602B7C24B878FC2AA0/'.
[2018.09.30-15.53.47:801][  0]LogTemp: Display: Loaded TP WindowsClientTargetPlatform
[2018.09.30-15.53.47:815][  0]LogTemp: Display: Loaded TP WindowsNoEditorTargetPlatform
[2018.09.30-15.53.47:826][  0]LogTemp: Display: Loaded TP WindowsServerTargetPlatform
[2018.09.30-15.53.47:831][  0]LogTemp: Display: Loaded TP WindowsTargetPlatform
[2018.09.30-15.53.47:831][  0]LogTargetPlatformManager: Display: Building Assets For Windows
[2018.09.30-15.53.47:869][  0]LogXGEController: Cannot use XGE Controller as Incredibuild is not installed on this machine.
[2018.09.30-15.53.47:869][  0]LogShaderCompilers: Cannot use XGE Shader Compiler as Incredibuild is not installed on this machine.
[2018.09.30-15.53.47:869][  0]LogShaderCompilers: Display: Using Local Shader Compiler.
[2018.09.30-15.53.48:508][  0]LogDerivedDataCache: Display: Max Cache Size: 512 MB
[2018.09.30-15.53.48:556][  0]LogDerivedDataCache: Loaded boot cache 0.05s 71MB C:/Users/alexi/AppData/Local/UnrealEngine/4.20/DerivedDataCache/Boot.ddc.
[2018.09.30-15.53.48:557][  0]LogDerivedDataCache: Display: Loaded Boot cache: C:/Users/alexi/AppData/Local/UnrealEngine/4.20/DerivedDataCache/Boot.ddc
[2018.09.30-15.53.48:557][  0]LogDerivedDataCache: FDerivedDataBackendGraph:  Pak pak cache file D:/Users/Documents/Unreal Projects/Prototype/DerivedDataCache/DDC.ddp not found, will not use a pak cache.
[2018.09.30-15.53.48:557][  0]LogDerivedDataCache: Unable to find inner node Pak for hierarchical cache Hierarchy.
[2018.09.30-15.53.48:557][  0]LogDerivedDataCache: FDerivedDataBackendGraph:  CompressedPak pak cache file D:/Users/Documents/Unreal Projects/Prototype/DerivedDataCache/Compressed.ddp not found, will not use a pak cache.
[2018.09.30-15.53.48:557][  0]LogDerivedDataCache: Unable to find inner node CompressedPak for hierarchical cache Hierarchy.
[2018.09.30-15.53.48:569][  0]LogDerivedDataCache: Display: Pak cache opened for reading ../../../Engine/DerivedDataCache/Compressed.ddp.
[2018.09.30-15.53.48:581][  0]LogDerivedDataCache: Using Local data cache path C:/Users/alexi/AppData/Local/UnrealEngine/Common/DerivedDataCache: Writable
[2018.09.30-15.53.48:581][  0]LogDerivedDataCache: Shared data cache path not found in *engine.ini, will not use an Shared cache.
[2018.09.30-15.53.48:581][  0]LogDerivedDataCache: Unable to find inner node Shared for hierarchical cache Hierarchy.
[2018.09.30-15.53.48:598][  0]LogMaterial: Verifying Global Shaders for PCD3D_SM5
[2018.09.30-15.53.48:599][  0]LogSlate: Using FreeType 2.6.0
[2018.09.30-15.53.48:599][  0]LogSlate: SlateFontServices - WITH_FREETYPE: 1, WITH_HARFBUZZ: 1
[2018.09.30-15.53.48:638][  0]LogInit: Using OS detected language (fr-FR).
[2018.09.30-15.53.48:638][  0]LogInit: Using OS detected locale (fr-FR).
[2018.09.30-15.53.48:638][  0]LogTextLocalizationManager: No localization for 'fr-FR' exists, so 'en' will be used for the language.
[2018.09.30-15.53.48:638][  0]LogTextLocalizationManager: No localization for 'fr-FR' exists, so 'en' will be used for the locale.
[2018.09.30-15.53.50:649][  0]LogStreaming: Display: Took  2.011s to InitGameTextLocalization.
[2018.09.30-15.53.50:654][  0]LogAssetRegistry: FAssetRegistry took 0.0036 seconds to start up
[2018.09.30-15.53.50:839][  0]LogPackageLocalizationCache: Processed 11 localized package path(s) for 1 prioritized culture(s) in 0.013729 seconds
[2018.09.30-15.53.50:926][  0]LogInit: Selected Device Profile: [Windows]
[2018.09.30-15.53.51:040][  0]LogSimplygon: Simplygon DLL not present - disabling.
[2018.09.30-15.53.51:042][  0]LogMeshReduction: Using SimplygonSwarm for distributed automatic mesh merging
[2018.09.30-15.53.51:042][  0]LogMeshReduction: Using ProxyLODMeshReduction for automatic mesh merging
[2018.09.30-15.53.51:043][  0]LogMeshReduction: Using QuadricMeshReduction for automatic static mesh reduction
[2018.09.30-15.53.51:043][  0]LogMeshReduction: No automatic skeletal mesh reduction module available
[2018.09.30-15.53.51:063][  0]LogNetVersion: Prototype 1.0.0, NetCL: 4212847, EngineNetVer: 5, GameNetVer: 0 (Checksum: 780676261)
[2018.09.30-15.53.51:473][  0]LogMoviePlayer: Initializing movie player
[2018.09.30-15.53.51:639][  0]LogTcpMessaging: Initializing TcpMessaging bridge
[2018.09.30-15.53.51:651][  0]LogUdpMessaging: Initializing bridge on interface 0.0.0.0:0 to multicast group 230.0.0.1:6666.
[2018.09.30-15.53.51:730][  0]SourceControl: Source control is disabled
[2018.09.30-15.53.51:730][  0]SourceControl: Source control is disabled
[2018.09.30-15.53.51:731][  0]SourceControl: Source control is disabled
[2018.09.30-15.53.51:844][  0]LogAndroidPermission: UAndroidPermissionCallbackProxy::GetInstance
[2018.09.30-15.53.51:896][  0]LogOcInput: OculusInput pre-init called
[2018.09.30-15.53.51:904][  0]LogUObjectArray: 42168 objects as part of root set at end of initial load.
[2018.09.30-15.53.51:904][  0]LogUObjectAllocator: 7432344 out of 0 bytes used by permanent object pool.
[2018.09.30-15.53.51:904][  0]LogUObjectArray: CloseDisregardForGC: 0/0 objects in disregard for GC pool
[2018.09.30-15.53.51:952][  0]LogEngine: Initializing Engine...
[2018.09.30-15.53.51:953][  0]LogHMD: Failed to initialize OpenVR with code 110
[2018.09.30-15.53.51:965][  0]LogStats: UGameplayTagsManager::ConstructGameplayTagTree: ImportINI prefixes -  0.000 s
[2018.09.30-15.53.51:965][  0]LogStats: UGameplayTagsManager::ConstructGameplayTagTree: Construct from data asset -  0.000 s
[2018.09.30-15.53.51:965][  0]LogStats: UGameplayTagsManager::ConstructGameplayTagTree: ImportINI -  0.000 s
[2018.09.30-15.53.51:965][  0]LogStats: UGameplayTagsManager::ConstructGameplayTagTree: GameplayTagTreeChangedEvent.Broadcast -  0.000 s
[2018.09.30-15.53.52:118][  0]LogInit: Initializing FReadOnlyCVARCache
[2018.09.30-15.53.52:134][  0]LogInit: XAudio2 using 'Philips 231T-C (NVIDIA High Definition Audio)' : 2 channels at 48 kHz using 16 bits per sample (channel mask 0x3)
[2018.09.30-15.53.52:148][  0]LogInit: FAudioDevice initialized.
[2018.09.30-15.53.52:172][  0]LogNetVersion: Set ProjectVersion to 1.0.0.0. Version Checksum will be recalculated on next use.
[2018.09.30-15.53.52:179][  0]LogInit: Texture streaming: Enabled
[2018.09.30-15.53.52:565][  0]LogSlate: Updating window title bar state: overlay mode, drag disabled, window buttons hidden, title bar hidden
[2018.09.30-15.53.52:565][  0]LogInit: Display: Game Engine Initialized.
[2018.09.30-15.53.52:565][  0]LogGameplayTags: Display: UGameplayTagsManager::DoneAddingNativeTags. DelegateIsBound: 0
[2018.09.30-15.53.52:565][  0]LogStats: UGameplayTagsManager::ConstructGameplayTagTree: ImportINI prefixes -  0.000 s
[2018.09.30-15.53.52:565][  0]LogStats: UGameplayTagsManager::ConstructGameplayTagTree: Construct from data asset -  0.000 s
[2018.09.30-15.53.52:566][  0]LogStats: UGameplayTagsManager::ConstructGameplayTagTree: ImportINI -  0.000 s
[2018.09.30-15.53.52:566][  0]LogStats: UGameplayTagsManager::ConstructGameplayTagTree: GameplayTagTreeChangedEvent.Broadcast -  0.000 s
[2018.09.30-15.53.52:588][  0]LogInit: Display: Starting Game.
[2018.09.30-15.53.52:592][  0]LogNet: Browse: /Game/Scene/Proto?Name=Player
[2018.09.30-15.53.52:604][  0]LogLoad: LoadMap: /Game/Scene/Proto?Name=Player
[2018.09.30-15.53.53:349][  0]LogAIModule: Creating AISystem for world Proto
[2018.09.30-15.53.53:386][  0]LogLinker: Warning: Can't find file '/Game/FirstPerson/Meshes/FirstPersonProjectileMaterial'
[2018.09.30-15.53.53:386][  0]LoadErrors: Failed to load /Game/FirstPerson/Meshes/FirstPersonProjectileMaterial.FirstPersonProjectileMaterial Referenced by FirstPersonProjectileMesh
[2018.09.30-15.53.53:386][  0]LogUObjectGlobals: Warning: Failed to load '/Game/FirstPerson/Meshes/FirstPersonProjectileMaterial': Can't find file '/Game/FirstPerson/Meshes/FirstPersonProjectileMaterial'
[2018.09.30-15.53.53:386][  0]LogLinker: Warning: Can't find file for asset '/Game/FirstPerson/Meshes/FirstPersonProjectileMaterial' while loading NULL.
[2018.09.30-15.53.53:386][  0]LoadErrors: Failed to load /Game/FirstPerson/Meshes/FirstPersonProjectileMaterial.FirstPersonProjectileMaterial Referenced by FirstPersonProjectileMesh
[2018.09.30-15.53.53:386][  0]LogUObjectGlobals: Warning: Failed to load '/Game/FirstPerson/Meshes/FirstPersonProjectileMaterial': Can't find file for asset '/Game/FirstPerson/Meshes/FirstPersonProjectileMaterial' while loading NULL.
[2018.09.30-15.53.53:393][  0]LogLoad: Game class is 'ThirdPersonGameMode_C'
[2018.09.30-15.53.54:990][  0]LogWorld: Bringing World /Game/Scene/Proto.Proto up for play (max tick rate 0) at 2018.09.30-17.53.54
[2018.09.30-15.53.55:006][  0]LogWorld: Bringing up level for play took: 1.569495
[2018.09.30-15.53.55:020][  0]LogLoad: Took 2.416763 seconds to LoadMap(/Game/Scene/Proto)
[2018.09.30-15.53.55:148][  0]LogRenderer: Reallocating scene render targets to support 1280x720 Format 10 NumSamples 1 (Frame:1).
[2018.09.30-15.53.55:148][  0]LogLoad: (Engine Initialization) Total time: 9.13 seconds
[2018.09.30-15.53.55:148][  0]LogLoad: (Engine Initialization) Total Blueprint compile time: 0.00 seconds
[2018.09.30-15.53.55:247][  0]LogWindowsTextInputMethodSystem: Display: IME system now deactivated.
[2018.09.30-15.53.55:250][  0]LogContentStreaming: Texture pool size now 1000 MB
